<?xml version="1.0" encoding="UTF-8"?>
<testng-results skipped="0" failed="0" total="1" passed="1">
  <reporter-output>
  </reporter-output>
  <suite name="Suite" duration-ms="69190" started-at="2017-12-21T12:36:53Z" finished-at="2017-12-21T12:38:02Z">
    <groups>
    </groups>
    <test name="Test" duration-ms="69190" started-at="2017-12-21T12:36:53Z" finished-at="2017-12-21T12:38:02Z">
      <class name="com.soprasteria.evolansante.test.StartUp">
        <test-method status="PASS" signature="beforeTest()[pri:0, instance:com.soprasteria.evolansante.test.StartUp@7d5c60c8]" name="beforeTest" is-config="true" duration-ms="5120" started-at="2017-12-21T18:06:53Z" finished-at="2017-12-21T18:06:58Z">
          <reporter-output>
          </reporter-output>
        </test-method> <!-- beforeTest -->
        <test-method status="PASS" signature="test()[pri:0, instance:com.soprasteria.evolansante.test.StartUp@7d5c60c8]" name="test" duration-ms="62876" started-at="2017-12-21T18:06:58Z" finished-at="2017-12-21T18:08:01Z">
          <reporter-output>
          </reporter-output>
        </test-method> <!-- test -->
        <test-method status="PASS" signature="afterTest()[pri:0, instance:com.soprasteria.evolansante.test.StartUp@7d5c60c8]" name="afterTest" is-config="true" duration-ms="1187" started-at="2017-12-21T18:08:01Z" finished-at="2017-12-21T18:08:02Z">
          <reporter-output>
          </reporter-output>
        </test-method> <!-- afterTest -->
      </class> <!-- com.soprasteria.evolansante.test.StartUp -->
    </test> <!-- Test -->
  </suite> <!-- Suite -->
</testng-results>
